RUN	computerdatabase.advanced.AdvancedSimulationStep05	advancedsimulationstep05	1657569952293	First run	3.8.0
USER	Admins	START	1657569954271
USER	Users	START	1657569954271
REQUEST		Home	1657569954261	1657569954315	OK	 
REQUEST		Home	1657569954261	1657569954323	OK	 
REQUEST		Home Redirect 1	1657569954326	1657569954355	OK	 
REQUEST		Home Redirect 1	1657569954326	1657569954355	OK	 
USER	Users	START	1657569955211
REQUEST		Home	1657569955203	1657569955257	OK	 
REQUEST		Home Redirect 1	1657569955258	1657569955290	OK	 
REQUEST		Search	1657569955416	1657569955446	OK	 
REQUEST		Search	1657569955416	1657569955445	OK	 
USER	Users	START	1657569956215
REQUEST		Home	1657569956209	1657569956268	OK	 
REQUEST		Home Redirect 1	1657569956270	1657569956294	OK	 
REQUEST		Search	1657569956299	1657569956325	OK	 
REQUEST		Select	1657569956592	1657569956631	OK	 
REQUEST		Select	1657569956592	1657569956631	OK	 
USER	Users	START	1657569957200
REQUEST		Home	1657569957198	1657569957252	OK	 
REQUEST		Home Redirect 1	1657569957252	1657569957280	OK	 
REQUEST		Search	1657569957302	1657569957332	OK	 
REQUEST		Select	1657569957358	1657569957391	OK	 
REQUEST		Page 0	1657569957665	1657569957687	OK	 
REQUEST		Page 0	1657569957665	1657569957695	OK	 
USER	Users	START	1657569958192
REQUEST		Home	1657569958191	1657569958296	OK	 
REQUEST		Search	1657569958287	1657569958310	OK	 
REQUEST		Home Redirect 1	1657569958298	1657569958325	OK	 
REQUEST		Select	1657569958361	1657569958385	OK	 
REQUEST		Page 0	1657569958398	1657569958422	OK	 
REQUEST		Page 1	1657569958704	1657569958729	OK	 
REQUEST		Page 1	1657569958704	1657569958730	OK	 
USER	Admins	START	1657569959189
USER	Users	START	1657569959189
REQUEST		Home	1657569959186	1657569959259	OK	 
REQUEST		Home	1657569959186	1657569959259	OK	 
REQUEST		Home Redirect 1	1657569959260	1657569959284	OK	 
REQUEST		Home Redirect 1	1657569959260	1657569959286	OK	 
REQUEST		Select	1657569959335	1657569959368	OK	 
REQUEST		Search	1657569959335	1657569959371	OK	 
REQUEST		Page 0	1657569959393	1657569959417	OK	 
REQUEST		Page 1	1657569959431	1657569959448	OK	 
REQUEST		Page 2	1657569959738	1657569959769	OK	 
REQUEST		Page 2	1657569959738	1657569959769	OK	 
USER	Users	START	1657569960199
REQUEST		Home	1657569960192	1657569960246	OK	 
REQUEST		Home Redirect 1	1657569960247	1657569960273	OK	 
REQUEST		Search	1657569960292	1657569960315	OK	 
REQUEST		Search	1657569960292	1657569960315	OK	 
REQUEST		Page 0	1657569960377	1657569960406	OK	 
REQUEST		Select	1657569960400	1657569960430	OK	 
REQUEST		Page 1	1657569960426	1657569960448	OK	 
REQUEST		Page 2	1657569960453	1657569960481	OK	 
REQUEST		Page 3	1657569960776	1657569960815	OK	 
REQUEST		Page 3	1657569960776	1657569960819	OK	 
USER	Users	START	1657569961189
REQUEST		Home	1657569961187	1657569961246	OK	 
REQUEST		Home Redirect 1	1657569961247	1657569961273	OK	 
REQUEST		Search	1657569961280	1657569961304	OK	 
REQUEST		Select	1657569961337	1657569961361	OK	 
REQUEST		Select	1657569961333	1657569961371	OK	 
REQUEST		Page 1	1657569961416	1657569961438	OK	 
REQUEST		Page 0	1657569961435	1657569961468	OK	 
REQUEST		Page 2	1657569961457	1657569961476	OK	 
REQUEST		Page 3	1657569961489	1657569961516	OK	 
USER	Users	START	1657569961846
REQUEST		Form	1657569961832	1657569961863	OK	 
USER	Users	START	1657569962193
REQUEST		Home	1657569962188	1657569962247	OK	 
REQUEST		Home Redirect 1	1657569962250	1657569962282	OK	 
REQUEST		Search	1657569962279	1657569962310	OK	 
REQUEST		Select	1657569962326	1657569962350	OK	 
REQUEST		Page 0	1657569962368	1657569962393	OK	 
REQUEST		Page 0	1657569962379	1657569962408	OK	 
REQUEST		Page 2	1657569962448	1657569962484	OK	 
REQUEST		Page 1	1657569962477	1657569962499	OK	 
REQUEST		Page 3	1657569962483	1657569962509	OK	 
USER	Users	START	1657569962524
REQUEST		Post	1657569962877	1657569962912	OK	 
REQUEST		Post Redirect 1	1657569962924	1657569962946	KO	status.find.is(201), but actually found 200
REQUEST		Form	1657569962952	1657569962978	OK	 
USER	Users	START	1657569963188
REQUEST		Home	1657569963186	1657569963243	OK	 
REQUEST		Home Redirect 1	1657569963243	1657569963278	OK	 
REQUEST		Search	1657569963290	1657569963324	OK	 
REQUEST		Select	1657569963326	1657569963357	OK	 
REQUEST		Page 0	1657569963357	1657569963383	OK	 
REQUEST		Page 1	1657569963398	1657569963420	OK	 
REQUEST		Page 1	1657569963414	1657569963438	OK	 
USER	Users	START	1657569963514
REQUEST		Page 3	1657569963492	1657569963517	OK	 
REQUEST		Page 2	1657569963508	1657569963532	OK	 
REQUEST		Post	1657569963986	1657569964014	OK	 
REQUEST		Post Redirect 1	1657569964018	1657569964040	OK	 
USER	Admins	START	1657569964051
REQUEST		Search	1657569964290	1657569964322	OK	 
REQUEST		Select	1657569964339	1657569964365	OK	 
REQUEST		Page 0	1657569964364	1657569964401	OK	 
REQUEST		Page 1	1657569964391	1657569964421	OK	 
REQUEST		Page 2	1657569964427	1657569964462	OK	 
REQUEST		Page 2	1657569964446	1657569964465	OK	 
USER	Users	START	1657569964528
REQUEST		Page 3	1657569964540	1657569964568	OK	 
REQUEST		Select	1657569965335	1657569965375	OK	 
REQUEST		Page 0	1657569965373	1657569965407	OK	 
REQUEST		Page 1	1657569965408	1657569965432	OK	 
REQUEST		Page 2	1657569965429	1657569965457	OK	 
REQUEST		Page 3	1657569965466	1657569965486	OK	 
REQUEST		Page 3	1657569965470	1657569965493	OK	 
USER	Users	START	1657569965576
REQUEST		Page 0	1657569966386	1657569966423	OK	 
REQUEST		Page 1	1657569966415	1657569966437	OK	 
REQUEST		Page 2	1657569966435	1657569966465	OK	 
REQUEST		Page 3	1657569966467	1657569966493	OK	 
USER	Users	START	1657569966500
REQUEST		Form	1657569966491	1657569966516	OK	 
REQUEST		Page 2	1657569967444	1657569967484	OK	 
REQUEST		Page 1	1657569967436	1657569967491	OK	 
REQUEST		Page 3	1657569967476	1657569967499	OK	 
USER	Users	START	1657569967502
REQUEST		Post	1657569967528	1657569967556	OK	 
REQUEST		Post Redirect 1	1657569967563	1657569967590	KO	status.find.is(201), but actually found 200
REQUEST		Form	1657569967592	1657569967614	OK	 
USER	Users	START	1657569968507
REQUEST		Page 2	1657569968498	1657569968523	OK	 
REQUEST		Page 3	1657569968498	1657569968529	OK	 
REQUEST		Post	1657569968623	1657569968664	OK	 
REQUEST		Post Redirect 1	1657569968671	1657569968718	KO	status.find.is(201), but actually found 200
USER	Admins	START	1657569968757
USER	Users	START	1657569969538
REQUEST		Page 3	1657569969538	1657569969572	OK	 
USER	Users	START	1657569970583
